PLINK v1.90b4.6 64-bit (15 Aug 2017)
Options in effect:
  --file ../../data/rice
  --hardy
  --out rice

Hostname: filippo-LB
Working directory: /home/filippo/Dropbox/cursos/laval2019/introduction_to_gwas/pre-processing
Start time: Wed Sep  4 11:13:54 2019

Random number seed: 1567588434
15889 MB RAM detected; reserving 7944 MB for main workspace.
Scanning .ped file... done.
Performing single-pass .bed write (14539 variants, 151 people).
--file: rice-temporary.bed + rice-temporary.bim + rice-temporary.fam written.
14539 variants loaded from .bim file.
151 people (0 males, 0 females, 151 ambiguous) loaded from .fam.
Ambiguous sex IDs written to rice.nosex .
Using 1 thread (no multithreaded calculations invoked).
Before main variant filters, 151 founders and 0 nonfounders present.
Calculating allele frequencies... done.
Total genotyping rate is 0.961025.
--hardy: Writing Hardy-Weinberg report (founders only) to rice.hwe ... done.

End time: Wed Sep  4 11:13:54 2019
