PLINK v1.90b4.6 64-bit (15 Aug 2017)
Options in effect:
  --file ../../raw_data/rice
  --out rice_pop
  --recode
  --update-ids update.ids

Hostname: filippo-LB
Working directory: /home/filippo/Dropbox/cursos/laval2019/introduction_to_gwas/pre-processing
Start time: Wed Sep  4 11:43:56 2019

Random number seed: 1567590236
15889 MB RAM detected; reserving 7944 MB for main workspace.
Scanning .ped file... done.
Performing single-pass .bed write (62169 variants, 152 people).
--file: rice_pop-temporary.bed + rice_pop-temporary.bim +
rice_pop-temporary.fam written.
62169 variants loaded from .bim file.
152 people (0 males, 0 females, 152 ambiguous) loaded from .fam.
Ambiguous sex IDs written to rice_pop.nosex .
--update-ids: 152 people updated, 1 ID not present.
Using 1 thread (no multithreaded calculations invoked).
Before main variant filters, 152 founders and 0 nonfounders present.
Calculating allele frequencies... done.
Total genotyping rate is 0.92539.
62169 variants and 152 people pass filters and QC.
Note: No phenotypes present.
--recode ped to rice_pop.ped + rice_pop.map ... done.

End time: Wed Sep  4 11:43:57 2019
